/*C3*/SET SCHEMA PUBLIC
DISCONNECT
/*C4*/SET SCHEMA PUBLIC
create table Autor (oid varchar(32) not null, nombre varchar(50), primary key (oid))
alter table Producto add column autor_oid varchar(32)
alter table Producto add constraint FKmtkejrnklbkimttu99b9jqufw foreign key (autor_oid) references Autor
INSERT INTO AUTOR VALUES('402888e983b0192d0183b01c7d3b0000','Carolina Laguna')
COMMIT
INSERT INTO AUTOR VALUES('402888e983b0192d0183b01cd34c0001','Sevilla Angela')
COMMIT
INSERT INTO CATEGORIA VALUES('402888e983b0192d0183b01d01830002','Categoria 1')
COMMIT
INSERT INTO CATEGORIA VALUES('402888e983b0192d0183b01d21580003','Categoria 2')
COMMIT
INSERT INTO CLIENTE VALUES(1,'Manuela  Chavez',77200,'F Carrillo','Provincia','via publica')
COMMIT
INSERT INTO CLIENTE VALUES(2,'Valeria Velazquez',44532,'Tijuana','del sur','Via p')
COMMIT
INSERT INTO PRODUCTO VALUES(2,'libro ','402888e983b0192d0183b01d01830002',NULL,'ninguna observacion',200.00,'402888e983b0192d0183b01c7d3b0000')
COMMIT
INSERT INTO FACTURA VALUES('402888e983b0192d0183b020fc400004',2022,'2022-10-06',1,'',2)
COMMIT
INSERT INTO FACTURA VALUES('402888e983b0192d0183b02158160005',2022,'2022-10-06',2,'',2)
INSERT INTO FACTURA_DETALLES VALUES('402888e983b0192d0183b02158160005',0,2)
COMMIT
DELETE FROM FACTURA WHERE OID='402888e983b0192d0183b020fc400004'
COMMIT
INSERT INTO CLIENTE VALUES(3,'Nadia Manzana',809,'Santiago,Chile','del valle','via p1')
COMMIT
INSERT INTO PRODUCTO VALUES(3,'Album musical','402888e983b0192d0183b01d21580003',NULL,'No hay observaciones',233.00,'402888e983b0192d0183b01cd34c0001')
COMMIT
INSERT INTO FACTURA VALUES('402888e983b0192d0183b023d7720006',2022,'2022-10-06',3,'No hay observaciones',3)
INSERT INTO FACTURA_DETALLES VALUES('402888e983b0192d0183b023d7720006',0,3)
COMMIT
INSERT INTO PRODUCTO VALUES(4,'Perfume','402888e983b0192d0183b01d01830002','B024FF77C0A8086900000000A744A5B9','Producto',899.00,'402888e983b0192d0183b01c7d3b0000')
COMMIT
DELETE FROM CATEGORIA WHERE OID='4028e58b83afba450183afc4d2b00000'
COMMIT
